<?xml version="1.0" encoding="UTF-8"?>
<!-- Generated by org.testng.reporters.JUnitReportReporter -->
<testsuite hostname="DESKTOP-7K7BD1Q" failures="0" tests="5" name="com.nopecommerce.testcases.LoginPage_TestCase" time="19.179" errors="0" timestamp="2023-05-17T17:22:57 IST" skipped="3">
  <testcase classname="com.nopecommerce.testcases.LoginPage_TestCase" name="clickonLogin" time="4.935"/>
  <system-out/>
  <testcase classname="com.nopecommerce.testcases.LoginPage_TestCase" name="loginApp" time="14.244"/>
  <system-out/>
  <testcase classname="com.nopecommerce.testcases.LoginPage_TestCase" name="loginPageTitle">
    <skipped/>
  </testcase> <!-- loginPageTitle -->
  <system-out/>
  <testcase classname="com.nopecommerce.testcases.LoginPage_TestCase" name="pageLogoValidate">
    <skipped/>
  </testcase> <!-- pageLogoValidate -->
  <system-out/>
  <testcase classname="com.nopecommerce.testcases.LoginPage_TestCase" name="validateImageonHome">
    <skipped/>
  </testcase> <!-- validateImageonHome -->
  <system-out/>
</testsuite> <!-- com.nopecommerce.testcases.LoginPage_TestCase -->
