<?xml version="1.0" encoding="UTF-8"?>
<!-- Generated by org.testng.reporters.JUnitReportReporter -->
<testsuite hostname="DESKTOP-7K7BD1Q" failures="0" tests="5" name="com.sample.action.testngannotation" time="0.009" errors="0" timestamp="2022-06-01T11:39:44 IST" skipped="0">
  <testcase classname="com.sample.action.testngannotation" name="googleTile" time="0.003"/>
  <system-out/>
  <testcase classname="com.sample.action.testngannotation" name="navigateNextPage" time="0.003"/>
  <system-out/>
  <testcase classname="com.sample.action.testngannotation" name="homePage" time="0.001"/>
  <system-out/>
  <testcase classname="com.sample.action.testngannotation" name="confirmPage" time="0.001"/>
  <system-out/>
  <testcase classname="com.sample.action.testngannotation" name="navigateToNext" time="0.001"/>
  <system-out/>
</testsuite> <!-- com.sample.action.testngannotation -->
