<?xml version="1.0" encoding="UTF-8"?>
<!-- Generated by org.testng.reporters.JUnitReportReporter -->
<testsuite hostname="DESKTOP-7K7BD1Q" failures="0" tests="1" name="com.java.SeleniumRerun_Testcase.TestCases_Retry" time="0.438" errors="0" timestamp="2024-06-20T16:55:14 IST" skipped="0">
  <testcase classname="com.java.SeleniumRerun_Testcase.TestCases_Retry" name="testMethod" time="0.438"/>
  <system-out/>
</testsuite> <!-- com.java.SeleniumRerun_Testcase.TestCases_Retry -->
