<?xml version="1.0" encoding="UTF-8"?>
<!-- Generated by org.testng.reporters.JUnitReportReporter -->
<testsuite hostname="DESKTOP-7K7BD1Q" failures="0" tests="8" name="com.test.TestNG_Basics" time="34.290" errors="0" timestamp="2023-04-29T14:57:27 IST" skipped="0">
  <testcase classname="com.test.TestNG_Basics" name="googleTitle" time="4.214"/>
  <system-out/>
  <testcase classname="com.test.TestNG_Basics" name="verifyHomePage" time="4.110"/>
  <system-out/>
  <testcase classname="com.test.TestNG_Basics" name="navigatetoAdminPage" time="4.340"/>
  <system-out/>
  <testcase classname="com.test.TestNG_Basics" name="verifyAdminDetails" time="4.303"/>
  <system-out/>
  <testcase classname="com.test.TestNG_Basics" name="verifyAdminDetails" time="3.767"/>
  <system-out/>
  <testcase classname="com.test.TestNG_Basics" name="verifyAdminDetails" time="4.675"/>
  <system-out/>
  <testcase classname="com.test.TestNG_Basics" name="updateAdminCredentials" time="4.105"/>
  <system-out/>
  <testcase classname="com.test.TestNG_Basics" name="navigatetoRegistration" time="4.776"/>
  <system-out/>
</testsuite> <!-- com.test.TestNG_Basics -->
