<?xml version="1.0" encoding="UTF-8"?>
<!-- Generated by org.testng.reporters.JUnitReportReporter -->
<testsuite hostname="DESKTOP-7K7BD1Q" failures="0" tests="3" name="com.test.DemoTest" time="28.067" errors="0" timestamp="2023-04-06T16:03:05 IST" skipped="0">
  <testcase classname="com.test.DemoTest" name="googleSearch" time="9.299"/>
  <system-out/>
  <testcase classname="com.test.DemoTest" name="googleImage" time="10.129"/>
  <system-out/>
  <testcase classname="com.test.DemoTest" name="googleTitle" time="8.639"/>
  <system-out/>
</testsuite> <!-- com.test.DemoTest -->
