<?xml version="1.0" encoding="UTF-8"?>
<!-- Generated by org.testng.reporters.JUnitReportReporter -->
<testsuite hostname="DESKTOP-7K7BD1Q" failures="0" tests="2" name="com.crm.qa.TestCase.LoginTestCase" time="19.536" errors="0" timestamp="2022-07-04T14:08:12 IST" skipped="0">
  <testcase classname="com.crm.qa.TestCase.LoginTestCase" name="LoginPageTestCase1" time="4.780"/>
  <system-out/>
  <testcase classname="com.crm.qa.TestCase.LoginTestCase" name="LoginCase" time="14.756"/>
  <system-out/>
</testsuite> <!-- com.crm.qa.TestCase.LoginTestCase -->
