<?xml version="1.0" encoding="UTF-8"?>
<!-- Generated by org.testng.reporters.JUnitReportReporter -->
<testsuite hostname="DESKTOP-7K7BD1Q" failures="0" tests="3" name="com.crm.qa.TestCase.HomePageTestCase" time="54.966" errors="0" timestamp="2022-07-04T14:08:12 IST" skipped="0">
  <testcase classname="com.crm.qa.TestCase.HomePageTestCase" name="verifyUserNameTest" time="14.591"/>
  <system-out/>
  <testcase classname="com.crm.qa.TestCase.HomePageTestCase" name="createNewAddress" time="25.357"/>
  <system-out/>
  <testcase classname="com.crm.qa.TestCase.HomePageTestCase" name="verifyAddressbookPage" time="15.018"/>
  <system-out/>
</testsuite> <!-- com.crm.qa.TestCase.HomePageTestCase -->
