<?xml version="1.0" encoding="UTF-8"?>
<!-- Generated by org.testng.reporters.JUnitReportReporter -->
<testsuite hostname="DESKTOP-7K7BD1Q" failures="0" tests="3" name="com.crm.qa.TestCase.HomePageforLoginTestCase" time="22.860" errors="0" timestamp="2022-07-04T14:08:12 IST" skipped="0">
  <testcase classname="com.crm.qa.TestCase.HomePageforLoginTestCase" name="loginforTitle" time="4.512"/>
  <system-out/>
  <testcase classname="com.crm.qa.TestCase.HomePageforLoginTestCase" name="validateImage" time="5.360"/>
  <system-out/>
  <testcase classname="com.crm.qa.TestCase.HomePageforLoginTestCase" name="clickAccount" time="12.988"/>
  <system-out/>
</testsuite> <!-- com.crm.qa.TestCase.HomePageforLoginTestCase -->
