<?xml version="1.0" encoding="UTF-8"?>
<!-- Generated by org.testng.reporters.JUnitReportReporter -->
<testsuite hostname="admin" name="com.ej.slfrm.test.DriverSeleniumodule" tests="1" failures="0" timestamp="16 May 2018 11:10:59 GMT" time="11.899" errors="0">
  <testcase name="Testcase1" time="11.899" classname="com.ej.slfrm.test.DriverSeleniumodule"/>
</testsuite> <!-- com.ej.slfrm.test.DriverSeleniumodule -->
