<?xml version="1.0" encoding="UTF-8"?>
<!-- Generated by org.testng.reporters.JUnitReportReporter -->
<testsuite hostname="Arnav_Sumant" name="com.ej.slfrm.test.GeneralExampleofXpath" tests="1" failures="0" timestamp="30 Jun 2021 07:25:46 GMT" time="16.391" errors="0">
  <testcase name="getXpath" time="16.391" classname="com.ej.slfrm.test.GeneralExampleofXpath"/>
</testsuite> <!-- com.ej.slfrm.test.GeneralExampleofXpath -->
